
RAxML-NG v. 0.9.0 released on 20.05.2019 by The Exelixis Lab.
Developed by: Alexey M. Kozlov and Alexandros Stamatakis.
Contributors: Diego Darriba, Tomas Flouri, Benoit Morel, Sarah Lutteropp, Ben Bettisworth.
Latest version: https://github.com/amkozlov/raxml-ng
Questions/problems/suggestions? Please visit: https://groups.google.com/forum/#!forum/raxml

RAxML-NG was called at 28-May-2020 18:37:17 as follows:

./raxml-ng --search1 --msa ./data/its.fas --model GTR+G --prefix T3 --threads 2 --seed 2

Analysis options:
  run mode: ML tree search
  start tree(s): random (1)
  random seed: 2
  tip-inner: OFF
  pattern compression: ON
  per-rate scalers: OFF
  site repeats: ON
  fast spr radius: AUTO
  spr subtree cutoff: 1.000000
  branch lengths: proportional (ML estimate, algorithm: NR-FAST)
  SIMD kernels: AVX
  parallelization: PTHREADS (2 threads), thread pinning: OFF

[00:00:00] Reading alignment from file: ./data/its.fas
[00:00:00] Loaded alignment with 150 taxa and 684 sites

Alignment comprises 1 partitions and 433 patterns

Partition 0: noname
Model: GTR+FO+G4m
Alignment sites / patterns: 684 / 433
Gaps: 14.64 %
Invariant sites: 47.81 %


NOTE: Binary MSA file created: T3.raxml.rba

[00:00:00] Generating 1 random starting tree(s) with 150 taxa
[00:00:00] Data distribution: max. partitions/sites/weight per thread: 1 / 217 / 3472

Starting ML tree search with 1 distinct starting trees

[00:00:00 -18852.625936] Initial branch length optimization
[00:00:00 -14663.466298] Model parameter optimization (eps = 10.000000)
[00:00:01 -13304.377830] AUTODETECT spr round 1 (radius: 5)
[00:00:01 -11141.146171] AUTODETECT spr round 2 (radius: 10)
[00:00:02 -9012.878753] AUTODETECT spr round 3 (radius: 15)
[00:00:03 -8793.114581] AUTODETECT spr round 4 (radius: 20)
[00:00:04 -8717.660569] AUTODETECT spr round 5 (radius: 25)
[00:00:05 -8717.644934] SPR radius for FAST iterations: 20 (autodetect)
[00:00:05 -8717.644934] Model parameter optimization (eps = 3.000000)
[00:00:06 -8690.870814] FAST spr round 1 (radius: 20)
[00:00:07 -8117.828898] FAST spr round 2 (radius: 20)
[00:00:07 -8057.567712] FAST spr round 3 (radius: 20)
[00:00:08 -8053.180575] FAST spr round 4 (radius: 20)
[00:00:09 -8053.178718] Model parameter optimization (eps = 1.000000)
[00:00:09 -8050.913982] SLOW spr round 1 (radius: 5)
[00:00:11 -8047.225402] SLOW spr round 2 (radius: 5)
[00:00:12 -8047.224234] SLOW spr round 3 (radius: 10)
[00:00:14 -8045.672591] SLOW spr round 4 (radius: 5)
[00:00:17 -8045.672296] SLOW spr round 5 (radius: 10)
[00:00:19 -8045.672213] SLOW spr round 6 (radius: 15)
[00:00:22 -8045.672203] SLOW spr round 7 (radius: 20)
[00:00:25 -8045.672194] SLOW spr round 8 (radius: 25)
[00:00:26 -8045.672185] Model parameter optimization (eps = 0.100000)

[00:00:26] ML tree search #1, logLikelihood: -8045.605112


Optimized model parameters:

   Partition 0: noname
   Rate heterogeneity: GAMMA (4 cats, mean),  alpha: 0.381357 (ML),  weights&rates: (0.250000,0.014119) (0.250000,0.167698) (0.250000,0.710292) (0.250000,3.107891) 
   Base frequencies (ML): 0.248025 0.225910 0.234240 0.291825 
   Substitution rates (ML): 1.140132 2.531672 2.201430 0.303862 4.429698 1.000000 


Final LogLikelihood: -8045.605112

AIC score: 16703.210224 / AICc score: 17201.576272 / BIC score: 18088.765347
Free parameters (model + branch lengths): 306

Best ML tree saved to: /truba/home/emyilmaz/study-class/task_6/T3.raxml.bestTree
Optimized model saved to: /truba/home/emyilmaz/study-class/task_6/T3.raxml.bestModel

Execution log saved to: /truba/home/emyilmaz/study-class/task_6/T3.raxml.log

Analysis started: 28-May-2020 18:37:17 / finished: 28-May-2020 18:37:44

Elapsed time: 26.751 seconds

