
RAxML-NG v. 0.9.0 released on 20.05.2019 by The Exelixis Lab.
Developed by: Alexey M. Kozlov and Alexandros Stamatakis.
Contributors: Diego Darriba, Tomas Flouri, Benoit Morel, Sarah Lutteropp, Ben Bettisworth.
Latest version: https://github.com/amkozlov/raxml-ng
Questions/problems/suggestions? Please visit: https://groups.google.com/forum/#!forum/raxml

RAxML-NG was called at 29-May-2020 14:41:13 as follows:

./raxml-ng --bootstrap --msa trnlf.fas --model GTR+G --prefix T4 --seed 333 --threads 2 --bs-trees 100

Analysis options:
  run mode: Bootstrapping
  start tree(s): 
  bootstrap replicates: 100
  random seed: 333
  tip-inner: OFF
  pattern compression: ON
  per-rate scalers: OFF
  site repeats: ON
  branch lengths: proportional (ML estimate, algorithm: NR-FAST)
  SIMD kernels: AVX2
  parallelization: PTHREADS (2 threads), thread pinning: OFF

[00:00:00] Reading alignment from file: trnlf.fas
[00:00:00] Loaded alignment with 116 taxa and 817 sites

Alignment comprises 1 partitions and 363 patterns

Partition 0: noname
Model: GTR+FO+G4m
Alignment sites / patterns: 817 / 363
Gaps: 16.31 %
Invariant sites: 67.20 %


NOTE: Binary MSA file created: T4.raxml.rba

[00:00:00] Data distribution: max. partitions/sites/weight per thread: 1 / 182 / 2912
[00:00:00] Starting bootstrapping analysis with 100 replicates.

[00:00:15] Bootstrap tree #1, logLikelihood: -3742.065135
[00:00:33] Bootstrap tree #2, logLikelihood: -3613.843726
[00:00:54] Bootstrap tree #3, logLikelihood: -3562.339268
[00:01:16] Bootstrap tree #4, logLikelihood: -3493.725699
[00:01:30] Bootstrap tree #5, logLikelihood: -3612.460875
[00:01:42] Bootstrap tree #6, logLikelihood: -3539.202557
[00:01:55] Bootstrap tree #7, logLikelihood: -3776.498243
[00:02:11] Bootstrap tree #8, logLikelihood: -3939.579052
[00:02:25] Bootstrap tree #9, logLikelihood: -3485.004736
[00:03:02] Bootstrap tree #10, logLikelihood: -3818.270961
[00:03:16] Bootstrap tree #11, logLikelihood: -3778.976933
[00:03:33] Bootstrap tree #12, logLikelihood: -3763.166280
[00:03:44] Bootstrap tree #13, logLikelihood: -3675.296318
[00:03:59] Bootstrap tree #14, logLikelihood: -3981.649774
[00:04:20] Bootstrap tree #15, logLikelihood: -3912.694146
[00:04:34] Bootstrap tree #16, logLikelihood: -3565.274090
[00:04:48] Bootstrap tree #17, logLikelihood: -4008.644851
[00:05:00] Bootstrap tree #18, logLikelihood: -3546.044987
[00:05:14] Bootstrap tree #19, logLikelihood: -3714.613929
[00:05:29] Bootstrap tree #20, logLikelihood: -3340.927964
[00:05:44] Bootstrap tree #21, logLikelihood: -3428.725937
[00:05:59] Bootstrap tree #22, logLikelihood: -3548.951478
[00:06:18] Bootstrap tree #23, logLikelihood: -3614.557420
[00:06:31] Bootstrap tree #24, logLikelihood: -3509.288056
[00:06:46] Bootstrap tree #25, logLikelihood: -3553.824239
[00:06:59] Bootstrap tree #26, logLikelihood: -3801.280272
[00:07:18] Bootstrap tree #27, logLikelihood: -3763.117204
[00:07:30] Bootstrap tree #28, logLikelihood: -3880.129548
[00:07:43] Bootstrap tree #29, logLikelihood: -3472.185528
[00:07:59] Bootstrap tree #30, logLikelihood: -3524.934227
[00:08:17] Bootstrap tree #31, logLikelihood: -3873.477030
[00:08:29] Bootstrap tree #32, logLikelihood: -3687.395374
[00:08:43] Bootstrap tree #33, logLikelihood: -3752.966415
[00:09:12] Bootstrap tree #34, logLikelihood: -3564.243971
[00:09:26] Bootstrap tree #35, logLikelihood: -3846.244941
[00:09:49] Bootstrap tree #36, logLikelihood: -3579.708231
[00:10:07] Bootstrap tree #37, logLikelihood: -3552.498294
[00:10:28] Bootstrap tree #38, logLikelihood: -3583.692409
[00:10:43] Bootstrap tree #39, logLikelihood: -3630.815465
[00:11:00] Bootstrap tree #40, logLikelihood: -3483.364286
[00:11:15] Bootstrap tree #41, logLikelihood: -3780.355067
[00:11:27] Bootstrap tree #42, logLikelihood: -3613.507262
[00:11:44] Bootstrap tree #43, logLikelihood: -3536.829974
[00:11:58] Bootstrap tree #44, logLikelihood: -3901.647214
[00:12:10] Bootstrap tree #45, logLikelihood: -3698.939178
[00:12:29] Bootstrap tree #46, logLikelihood: -3762.438627
[00:12:49] Bootstrap tree #47, logLikelihood: -3712.799525
[00:13:04] Bootstrap tree #48, logLikelihood: -3568.908613
[00:13:18] Bootstrap tree #49, logLikelihood: -3796.029545
[00:13:41] Bootstrap tree #50, logLikelihood: -3633.947697
[00:13:55] Bootstrap tree #51, logLikelihood: -3572.928776
[00:14:09] Bootstrap tree #52, logLikelihood: -3639.095626
[00:14:34] Bootstrap tree #53, logLikelihood: -3865.876133
[00:14:45] Bootstrap tree #54, logLikelihood: -3424.374032
[00:14:57] Bootstrap tree #55, logLikelihood: -3766.926935
[00:15:10] Bootstrap tree #56, logLikelihood: -3560.200562
[00:15:24] Bootstrap tree #57, logLikelihood: -3375.963842
[00:15:41] Bootstrap tree #58, logLikelihood: -3667.948591
[00:15:56] Bootstrap tree #59, logLikelihood: -3743.468848
[00:16:12] Bootstrap tree #60, logLikelihood: -3905.621768
[00:16:26] Bootstrap tree #61, logLikelihood: -3730.108475
[00:16:48] Bootstrap tree #62, logLikelihood: -4117.150781
[00:17:01] Bootstrap tree #63, logLikelihood: -3439.129033
[00:17:14] Bootstrap tree #64, logLikelihood: -3490.874180
[00:17:28] Bootstrap tree #65, logLikelihood: -3863.323014
[00:17:41] Bootstrap tree #66, logLikelihood: -3584.335480
[00:17:55] Bootstrap tree #67, logLikelihood: -3542.917356
[00:18:08] Bootstrap tree #68, logLikelihood: -3755.966526
[00:18:49] Bootstrap tree #69, logLikelihood: -3526.345551
[00:19:02] Bootstrap tree #70, logLikelihood: -3958.008515
[00:19:13] Bootstrap tree #71, logLikelihood: -3460.719819
[00:19:31] Bootstrap tree #72, logLikelihood: -3830.349296
[00:19:45] Bootstrap tree #73, logLikelihood: -3627.323735
[00:19:58] Bootstrap tree #74, logLikelihood: -3439.970472
[00:20:23] Bootstrap tree #75, logLikelihood: -3823.742142
[00:20:35] Bootstrap tree #76, logLikelihood: -4011.008221
[00:20:47] Bootstrap tree #77, logLikelihood: -3551.594555
[00:21:01] Bootstrap tree #78, logLikelihood: -3718.955656
[00:21:17] Bootstrap tree #79, logLikelihood: -3730.996612
[00:21:30] Bootstrap tree #80, logLikelihood: -3549.602323
[00:21:47] Bootstrap tree #81, logLikelihood: -3773.051357
[00:22:11] Bootstrap tree #82, logLikelihood: -3788.363748
[00:22:23] Bootstrap tree #83, logLikelihood: -3405.781176
[00:22:37] Bootstrap tree #84, logLikelihood: -3782.332365
[00:22:51] Bootstrap tree #85, logLikelihood: -3407.642222
[00:23:09] Bootstrap tree #86, logLikelihood: -3550.763039
[00:23:25] Bootstrap tree #87, logLikelihood: -3819.316899
[00:23:37] Bootstrap tree #88, logLikelihood: -3478.718268
[00:23:52] Bootstrap tree #89, logLikelihood: -3729.399422
[00:24:04] Bootstrap tree #90, logLikelihood: -3611.873054
[00:24:16] Bootstrap tree #91, logLikelihood: -3867.269880
[00:24:29] Bootstrap tree #92, logLikelihood: -3652.868407
[00:24:47] Bootstrap tree #93, logLikelihood: -3636.129377
[00:25:05] Bootstrap tree #94, logLikelihood: -3655.304322
[00:25:23] Bootstrap tree #95, logLikelihood: -3781.216562
[00:25:36] Bootstrap tree #96, logLikelihood: -3217.363822
[00:25:49] Bootstrap tree #97, logLikelihood: -3570.825502
[00:26:07] Bootstrap tree #98, logLikelihood: -3799.147497
[00:26:21] Bootstrap tree #99, logLikelihood: -3687.421156
[00:26:45] Bootstrap tree #100, logLikelihood: -3677.784736

Bootstrap trees saved to: /truba/home/emyilmaz/study-class/denemetask_6/T4.raxml.bootstraps

Execution log saved to: /truba/home/emyilmaz/study-class/denemetask_6/T4.raxml.log

Analysis started: 29-May-2020 14:41:13 / finished: 29-May-2020 15:07:59

Elapsed time: 1605.973 seconds

