
RAxML-NG v. 0.9.0 released on 20.05.2019 by The Exelixis Lab.
Developed by: Alexey M. Kozlov and Alexandros Stamatakis.
Contributors: Diego Darriba, Tomas Flouri, Benoit Morel, Sarah Lutteropp, Ben Bettisworth.
Latest version: https://github.com/amkozlov/raxml-ng
Questions/problems/suggestions? Please visit: https://groups.google.com/forum/#!forum/raxml

RAxML-NG was called at 28-May-2020 22:01:17 as follows:

./raxml-ng --evaluate --msa ./data/its.fas --threads 2 --model prim.part --tree ./T2/T2.raxml.bestTree --prefix P3 -log verbose --brlen linked

Analysis options:
  run mode: Evaluate tree likelihood
  start tree(s): user
  random seed: 1590692477
  tip-inner: OFF
  pattern compression: ON
  per-rate scalers: OFF
  site repeats: ON
  branch lengths: linked (ML estimate, algorithm: NR-FAST)
  SIMD kernels: AVX2
  parallelization: PTHREADS (2 threads), thread pinning: OFF

[00:00:00] Reading alignment from file: ./data/its.fas
[00:00:00] Loaded alignment with 150 taxa and 684 sites
[00:00:00] Extracting partitions... 
[00:00:00] Checking the alignment...
[00:00:00] Compressing alignment patterns... 

Alignment comprises 3 partitions and 444 patterns

Partition 0: NADH4
Model: GTR+FO+G4m
Alignment sites / patterns: 200 / 183
Gaps: 19.84 %
Invariant sites: 26.50 %

Partition 1: tRNA
Model: GTR+FO+G4m
Alignment sites / patterns: 278 / 107
Gaps: 8.88 %
Invariant sites: 67.27 %

Partition 2: NADH5
Model: GTR+FO+G4m
Alignment sites / patterns: 206 / 154
Gaps: 17.37 %
Invariant sites: 42.23 %


NOTE: Binary MSA file created: P3.raxml.rba

[00:00:00] Loading user starting tree(s) from: ./T2/T2.raxml.bestTree

Initial model parameters:
   Partition: NADH4
   Rate heterogeneity: GAMMA (4 cats, mean),  alpha: 1.000000 (ML),  weights&rates: (0.250000,0.136954) (0.250000,0.476752) (0.250000,1.000000) (0.250000,2.386294) 
   Base frequencies (ML): 0.250000 0.250000 0.250000 0.250000 
   Substitution rates (ML): 1.000000 1.000000 1.000000 1.000000 1.000000 1.000000 

   Partition: tRNA
   Rate heterogeneity: GAMMA (4 cats, mean),  alpha: 1.000000 (ML),  weights&rates: (0.250000,0.136954) (0.250000,0.476752) (0.250000,1.000000) (0.250000,2.386294) 
   Base frequencies (ML): 0.250000 0.250000 0.250000 0.250000 
   Substitution rates (ML): 1.000000 1.000000 1.000000 1.000000 1.000000 1.000000 

   Partition: NADH5
   Rate heterogeneity: GAMMA (4 cats, mean),  alpha: 1.000000 (ML),  weights&rates: (0.250000,0.136954) (0.250000,0.476752) (0.250000,1.000000) (0.250000,2.386294) 
   Base frequencies (ML): 0.250000 0.250000 0.250000 0.250000 
   Substitution rates (ML): 1.000000 1.000000 1.000000 1.000000 1.000000 1.000000 

[00:00:00] Data distribution: max. partitions/sites/weight per thread: 2 / 222 / 3552

thread#	part#	start	length	weight
0	1	0	107	1712
0	0	68	115	1840

1	2	0	154	2464
1	0	0	68	1088


Evaluating 1 trees

[00:00:00] Tree #1, initial LogLikelihood: -8464.980723

[00:00:00 -8464.980723] Initial branch length optimization
[00:00:00 -8460.936965] Model parameter optimization (eps = 0.100000)

[00:00:02] Tree #1, final logLikelihood: -8009.161576


Optimized model parameters:

   Partition 0: NADH4
   Rate heterogeneity: GAMMA (4 cats, mean),  alpha: 0.733691 (ML),  weights&rates: (0.250000,0.081394) (0.250000,0.379002) (0.250000,0.936741) (0.250000,2.602862) 
   Base frequencies (ML): 0.225831 0.213435 0.242134 0.318600 
   Substitution rates (ML): 1.397946 3.093852 2.455351 0.415580 4.823453 1.000000 

   Partition 1: tRNA
   Rate heterogeneity: GAMMA (4 cats, mean),  alpha: 0.219160 (ML),  weights&rates: (0.250000,0.000971) (0.250000,0.045508) (0.250000,0.431794) (0.250000,3.521726) 
   Base frequencies (ML): 0.260816 0.242236 0.249281 0.247666 
   Substitution rates (ML): 0.628046 2.647515 2.255445 0.162089 3.731785 1.000000 

   Partition 2: NADH5
   Rate heterogeneity: GAMMA (4 cats, mean),  alpha: 0.492031 (ML),  weights&rates: (0.250000,0.031920) (0.250000,0.246682) (0.250000,0.814382) (0.250000,2.907016) 
   Base frequencies (ML): 0.240793 0.216589 0.220166 0.322452 
   Substitution rates (ML): 1.512590 2.491955 2.355028 0.345016 4.554254 1.000000 


Final LogLikelihood: -8009.161576

AIC score: 16666.323151 / AICc score: 17252.952677 / BIC score: 18133.381516
Free parameters (model + branch lengths): 324

Best ML tree saved to: /truba/home/emyilmaz/study-class/task_6/P3.raxml.bestTree
Optimized model saved to: /truba/home/emyilmaz/study-class/task_6/P3.raxml.bestModel

Execution log saved to: /truba/home/emyilmaz/study-class/task_6/P3.raxml.log

Analysis started: 28-May-2020 22:01:17 / finished: 28-May-2020 22:01:19

Elapsed time: 2.177 seconds

