
RAxML-NG v. 0.9.0 released on 20.05.2019 by The Exelixis Lab.
Developed by: Alexey M. Kozlov and Alexandros Stamatakis.
Contributors: Diego Darriba, Tomas Flouri, Benoit Morel, Sarah Lutteropp, Ben Bettisworth.
Latest version: https://github.com/amkozlov/raxml-ng
Questions/problems/suggestions? Please visit: https://groups.google.com/forum/#!forum/raxml

RAxML-NG was called at 28-May-2020 19:16:57 as follows:

./raxml-ng --evaluate --msa ./data/its.fas --model GTR+G+FO --prefix E5 --tree ./T2/T2.raxml.bestTree --threads 2 --seed 2

Analysis options:
  run mode: Evaluate tree likelihood
  start tree(s): user
  random seed: 2
  tip-inner: OFF
  pattern compression: ON
  per-rate scalers: OFF
  site repeats: ON
  branch lengths: proportional (ML estimate, algorithm: NR-FAST)
  SIMD kernels: AVX
  parallelization: PTHREADS (2 threads), thread pinning: OFF

[00:00:00] Reading alignment from file: ./data/its.fas
[00:00:00] Loaded alignment with 150 taxa and 684 sites

Alignment comprises 1 partitions and 433 patterns

Partition 0: noname
Model: GTR+FO+G4m
Alignment sites / patterns: 684 / 433
Gaps: 14.64 %
Invariant sites: 47.81 %


NOTE: Binary MSA file created: E5.raxml.rba

[00:00:00] Loading user starting tree(s) from: ./T2/T2.raxml.bestTree
[00:00:00] Data distribution: max. partitions/sites/weight per thread: 1 / 217 / 3472

Evaluating 1 trees

[00:00:00] Tree #1, initial LogLikelihood: -8464.980723

[00:00:00 -8464.980723] Initial branch length optimization
[00:00:00 -8460.936965] Model parameter optimization (eps = 0.100000)

[00:00:00] Tree #1, final logLikelihood: -8044.570923


Optimized model parameters:

   Partition 0: noname
   Rate heterogeneity: GAMMA (4 cats, mean),  alpha: 0.382866 (ML),  weights&rates: (0.250000,0.014322) (0.250000,0.168845) (0.250000,0.712054) (0.250000,3.104779) 
   Base frequencies (ML): 0.246084 0.222399 0.236407 0.295110 
   Substitution rates (ML): 1.193121 2.586057 2.291765 0.315524 4.589119 1.000000 


Final LogLikelihood: -8044.570923

AIC score: 16701.141846 / AICc score: 17199.507894 / BIC score: 18086.696969
Free parameters (model + branch lengths): 306

Best ML tree saved to: /truba/home/emyilmaz/study-class/task_6/E5.raxml.bestTree
Optimized model saved to: /truba/home/emyilmaz/study-class/task_6/E5.raxml.bestModel

Execution log saved to: /truba/home/emyilmaz/study-class/task_6/E5.raxml.log

Analysis started: 28-May-2020 19:16:57 / finished: 28-May-2020 19:16:57

Elapsed time: 0.762 seconds

