
RAxML-NG v. 0.9.0 released on 20.05.2019 by The Exelixis Lab.
Developed by: Alexey M. Kozlov and Alexandros Stamatakis.
Contributors: Diego Darriba, Tomas Flouri, Benoit Morel, Sarah Lutteropp, Ben Bettisworth.
Latest version: https://github.com/amkozlov/raxml-ng
Questions/problems/suggestions? Please visit: https://groups.google.com/forum/#!forum/raxml

RAxML-NG was called at 28-May-2020 19:17:21 as follows:

./raxml-ng --evaluate --msa ./data/its.fas --model GTR+R4+FO --prefix E6 --tree ./T2/T2.raxml.bestTree --threads 2 --seed 2

Analysis options:
  run mode: Evaluate tree likelihood
  start tree(s): user
  random seed: 2
  tip-inner: OFF
  pattern compression: ON
  per-rate scalers: OFF
  site repeats: ON
  branch lengths: proportional (ML estimate, algorithm: NR-FAST)
  SIMD kernels: AVX
  parallelization: PTHREADS (2 threads), thread pinning: OFF

[00:00:00] Reading alignment from file: ./data/its.fas
[00:00:00] Loaded alignment with 150 taxa and 684 sites

Alignment comprises 1 partitions and 433 patterns

Partition 0: noname
Model: GTR+FO+R4
Alignment sites / patterns: 684 / 433
Gaps: 14.64 %
Invariant sites: 47.81 %


NOTE: Binary MSA file created: E6.raxml.rba

[00:00:00] Loading user starting tree(s) from: ./T2/T2.raxml.bestTree
[00:00:00] Data distribution: max. partitions/sites/weight per thread: 1 / 217 / 3472

Evaluating 1 trees

[00:00:00] Tree #1, initial LogLikelihood: -8464.980723

[00:00:00 -8464.980723] Initial branch length optimization
[00:00:00 -8460.936965] Model parameter optimization (eps = 0.100000)

[00:00:03] Tree #1, final logLikelihood: -8027.232442


Optimized model parameters:

   Partition 0: noname
   Rate heterogeneity: FREE (4 cats, mean),  weights&rates: (0.464372,0.039877) (0.243571,0.650483) (0.234790,2.230757) (0.057267,5.226119) 
   Base frequencies (ML): 0.246137 0.226153 0.241496 0.286213 
   Substitution rates (ML): 1.140660 2.480946 2.384923 0.275434 4.665444 1.000000 


Final LogLikelihood: -8027.232442

AIC score: 16676.464884 / AICc score: 17198.142303 / BIC score: 18084.659796
Free parameters (model + branch lengths): 311

Best ML tree saved to: /truba/home/emyilmaz/study-class/task_6/E6.raxml.bestTree
Optimized model saved to: /truba/home/emyilmaz/study-class/task_6/E6.raxml.bestModel

Execution log saved to: /truba/home/emyilmaz/study-class/task_6/E6.raxml.log

Analysis started: 28-May-2020 19:17:21 / finished: 28-May-2020 19:17:25

Elapsed time: 3.467 seconds

