
RAxML-NG v. 0.9.0 released on 20.05.2019 by The Exelixis Lab.
Developed by: Alexey M. Kozlov and Alexandros Stamatakis.
Contributors: Diego Darriba, Tomas Flouri, Benoit Morel, Sarah Lutteropp, Ben Bettisworth.
Latest version: https://github.com/amkozlov/raxml-ng
Questions/problems/suggestions? Please visit: https://groups.google.com/forum/#!forum/raxml

RAxML-NG was called at 26-May-2020 20:28:50 as follows:

./raxml-ng --bootstrap --msa ./data/itswithc.orientalis.reduced.fas --model GTR+G --prefix T4 --seed 333 --threads 2 --bs-trees 100

Analysis options:
  run mode: Bootstrapping
  start tree(s): 
  bootstrap replicates: 100
  random seed: 333
  tip-inner: OFF
  pattern compression: ON
  per-rate scalers: OFF
  site repeats: ON
  branch lengths: proportional (ML estimate, algorithm: NR-FAST)
  SIMD kernels: AVX2
  parallelization: PTHREADS (2 threads), thread pinning: OFF

[00:00:00] Reading alignment from file: ./data/itswithc.orientalis.reduced.fas
[00:00:00] Loaded alignment with 150 taxa and 684 sites

Alignment comprises 1 partitions and 433 patterns

Partition 0: noname
Model: GTR+FO+G4m
Alignment sites / patterns: 684 / 433
Gaps: 14.64 %
Invariant sites: 47.81 %


NOTE: Binary MSA file created: T4.raxml.rba

[00:00:00] Data distribution: max. partitions/sites/weight per thread: 1 / 217 / 3472
[00:00:00] Starting bootstrapping analysis with 100 replicates.

[00:00:29] Bootstrap tree #1, logLikelihood: -7719.325311
[00:01:04] Bootstrap tree #2, logLikelihood: -7785.355055
[00:01:30] Bootstrap tree #3, logLikelihood: -7573.325418
[00:02:09] Bootstrap tree #4, logLikelihood: -8430.400578
[00:02:50] Bootstrap tree #5, logLikelihood: -7482.879762
[00:03:26] Bootstrap tree #6, logLikelihood: -8427.510795
[00:04:02] Bootstrap tree #7, logLikelihood: -8224.707262
[00:04:50] Bootstrap tree #8, logLikelihood: -7834.866163
[00:05:34] Bootstrap tree #9, logLikelihood: -7868.814845
[00:06:01] Bootstrap tree #10, logLikelihood: -7582.948712
[00:06:28] Bootstrap tree #11, logLikelihood: -7653.653561
[00:07:08] Bootstrap tree #12, logLikelihood: -7750.080673
[00:07:39] Bootstrap tree #13, logLikelihood: -7436.452956
[00:08:14] Bootstrap tree #14, logLikelihood: -7331.004980
[00:08:41] Bootstrap tree #15, logLikelihood: -7402.952087
[00:09:16] Bootstrap tree #16, logLikelihood: -7767.236325
[00:09:44] Bootstrap tree #17, logLikelihood: -8231.519920
[00:10:10] Bootstrap tree #18, logLikelihood: -7570.134248
[00:10:40] Bootstrap tree #19, logLikelihood: -7992.282463
[00:11:31] Bootstrap tree #20, logLikelihood: -7968.416741
[00:12:08] Bootstrap tree #21, logLikelihood: -8193.798584
[00:12:34] Bootstrap tree #22, logLikelihood: -8159.931270
[00:13:08] Bootstrap tree #23, logLikelihood: -8844.146087
[00:13:31] Bootstrap tree #24, logLikelihood: -7665.096793
[00:14:02] Bootstrap tree #25, logLikelihood: -8218.816363
[00:14:30] Bootstrap tree #26, logLikelihood: -7739.832604
[00:14:56] Bootstrap tree #27, logLikelihood: -7440.029453
[00:15:44] Bootstrap tree #28, logLikelihood: -7954.159250
[00:16:11] Bootstrap tree #29, logLikelihood: -7550.542458
[00:16:45] Bootstrap tree #30, logLikelihood: -7782.427762
[00:17:09] Bootstrap tree #31, logLikelihood: -7689.118872
[00:17:43] Bootstrap tree #32, logLikelihood: -7607.433388
[00:18:36] Bootstrap tree #33, logLikelihood: -7988.005427
[00:19:04] Bootstrap tree #34, logLikelihood: -8031.555639
[00:19:35] Bootstrap tree #35, logLikelihood: -8560.398315
[00:20:17] Bootstrap tree #36, logLikelihood: -7570.224056
[00:20:53] Bootstrap tree #37, logLikelihood: -7841.996939
[00:21:19] Bootstrap tree #38, logLikelihood: -7328.610592
[00:22:02] Bootstrap tree #39, logLikelihood: -7898.931943
[00:22:30] Bootstrap tree #40, logLikelihood: -7333.359036
[00:22:56] Bootstrap tree #41, logLikelihood: -8575.167764
[00:23:45] Bootstrap tree #42, logLikelihood: -8298.732354
[00:24:15] Bootstrap tree #43, logLikelihood: -7974.485777
[00:24:52] Bootstrap tree #44, logLikelihood: -7357.455111
[00:25:40] Bootstrap tree #45, logLikelihood: -7794.097713
[00:26:14] Bootstrap tree #46, logLikelihood: -8715.343377
[00:27:11] Bootstrap tree #47, logLikelihood: -8152.995658
[00:27:59] Bootstrap tree #48, logLikelihood: -7480.913253
[00:28:43] Bootstrap tree #49, logLikelihood: -8461.270559
[00:29:21] Bootstrap tree #50, logLikelihood: -8600.615627
[00:29:54] Bootstrap tree #51, logLikelihood: -7174.445595
[00:30:28] Bootstrap tree #52, logLikelihood: -7940.410885
[00:30:54] Bootstrap tree #53, logLikelihood: -7605.607032
[00:31:24] Bootstrap tree #54, logLikelihood: -7485.394369
[00:31:58] Bootstrap tree #55, logLikelihood: -7699.386756
[00:32:23] Bootstrap tree #56, logLikelihood: -7579.308978
[00:32:49] Bootstrap tree #57, logLikelihood: -7907.383209
[00:33:47] Bootstrap tree #58, logLikelihood: -8914.495059
[00:34:31] Bootstrap tree #59, logLikelihood: -7974.640358
[00:35:11] Bootstrap tree #60, logLikelihood: -8978.746392
[00:35:40] Bootstrap tree #61, logLikelihood: -7760.288725
[00:36:12] Bootstrap tree #62, logLikelihood: -7757.808479
[00:36:56] Bootstrap tree #63, logLikelihood: -7843.224524
[00:37:23] Bootstrap tree #64, logLikelihood: -8090.267462
[00:37:52] Bootstrap tree #65, logLikelihood: -7990.090749
[00:38:31] Bootstrap tree #66, logLikelihood: -8158.238553
[00:39:07] Bootstrap tree #67, logLikelihood: -7705.841393
[00:39:47] Bootstrap tree #68, logLikelihood: -7869.118974
[00:40:14] Bootstrap tree #69, logLikelihood: -7508.608457
[00:41:01] Bootstrap tree #70, logLikelihood: -7592.556721
[00:41:42] Bootstrap tree #71, logLikelihood: -7529.994952
[00:42:07] Bootstrap tree #72, logLikelihood: -7551.119827
[00:42:35] Bootstrap tree #73, logLikelihood: -8609.366206
[00:43:07] Bootstrap tree #74, logLikelihood: -7916.843819
[00:43:43] Bootstrap tree #75, logLikelihood: -8017.946376
[00:44:29] Bootstrap tree #76, logLikelihood: -7629.358557
[00:45:01] Bootstrap tree #77, logLikelihood: -8021.284629
[00:45:27] Bootstrap tree #78, logLikelihood: -7730.684247
[00:45:54] Bootstrap tree #79, logLikelihood: -7582.206742
[00:46:42] Bootstrap tree #80, logLikelihood: -7406.491104
[00:47:44] Bootstrap tree #81, logLikelihood: -8409.125338
[00:48:13] Bootstrap tree #82, logLikelihood: -8000.426323
[00:48:41] Bootstrap tree #83, logLikelihood: -8035.825150
[00:49:44] Bootstrap tree #84, logLikelihood: -7516.238313
[00:50:11] Bootstrap tree #85, logLikelihood: -7797.846347
[00:50:41] Bootstrap tree #86, logLikelihood: -7362.691938
[00:51:20] Bootstrap tree #87, logLikelihood: -7726.712932
[00:51:48] Bootstrap tree #88, logLikelihood: -7852.899268
[00:52:26] Bootstrap tree #89, logLikelihood: -7940.794108
[00:53:11] Bootstrap tree #90, logLikelihood: -7955.339925
[00:54:05] Bootstrap tree #91, logLikelihood: -7193.085276
[00:54:35] Bootstrap tree #92, logLikelihood: -8461.278637
[00:55:20] Bootstrap tree #93, logLikelihood: -8069.686251
[00:55:54] Bootstrap tree #94, logLikelihood: -7536.220339
[00:56:23] Bootstrap tree #95, logLikelihood: -7994.166495
[00:57:05] Bootstrap tree #96, logLikelihood: -8258.186981
[00:57:34] Bootstrap tree #97, logLikelihood: -7931.996020
[00:58:07] Bootstrap tree #98, logLikelihood: -7924.533330
[00:58:39] Bootstrap tree #99, logLikelihood: -8027.175073
[00:59:05] Bootstrap tree #100, logLikelihood: -7440.180265

Bootstrap trees saved to: /truba/home/emyilmaz/study-class/task_6/T4.raxml.bootstraps

Execution log saved to: /truba/home/emyilmaz/study-class/task_6/T4.raxml.log

Analysis started: 26-May-2020 20:28:50 / finished: 26-May-2020 21:27:55

Elapsed time: 3545.071 seconds

