
RAxML-NG v. 0.9.0 released on 20.05.2019 by The Exelixis Lab.
Developed by: Alexey M. Kozlov and Alexandros Stamatakis.
Contributors: Diego Darriba, Tomas Flouri, Benoit Morel, Sarah Lutteropp, Ben Bettisworth.
Latest version: https://github.com/amkozlov/raxml-ng
Questions/problems/suggestions? Please visit: https://groups.google.com/forum/#!forum/raxml

RAxML-NG was called at 28-May-2020 21:46:56 as follows:

./raxml-ng --evaluate --msa ./data/its.fas --threads 2 --model prim2.part --tree ./T2/T2.raxml.bestTree --prefix P2 -log verbose

Analysis options:
  run mode: Evaluate tree likelihood
  start tree(s): user
  random seed: 1590691616
  tip-inner: OFF
  pattern compression: ON
  per-rate scalers: OFF
  site repeats: ON
  branch lengths: proportional (ML estimate, algorithm: NR-FAST)
  SIMD kernels: AVX2
  parallelization: PTHREADS (2 threads), thread pinning: OFF

[00:00:00] Reading alignment from file: ./data/its.fas
[00:00:00] Loaded alignment with 150 taxa and 684 sites
[00:00:00] Extracting partitions... 
[00:00:00] Checking the alignment...
[00:00:00] Compressing alignment patterns... 

Alignment comprises 4 partitions and 461 patterns

Partition 0: NADH4
Model: GTR+FO+G4m+B
Alignment sites / patterns: 234 / 181
Gaps: 14.56 %
Invariant sites: 39.32 %

Partition 1: tRNA
Model: JC+I+B
Alignment sites / patterns: 139 / 36
Gaps: 11.48 %
Invariant sites: 82.01 %

Partition 2: NADH5
Model: GTR+FC+R4+B
Alignment sites / patterns: 195 / 143
Gaps: 16.43 %
Invariant sites: 43.59 %

Partition 3: NADH4p3
Model: HKY+FO+B
Alignment sites / patterns: 116 / 101
Gaps: 15.57 %
Invariant sites: 31.03 %


NOTE: Binary MSA file created: P2.raxml.rba

[00:00:00] Loading user starting tree(s) from: ./T2/T2.raxml.bestTree

Initial model parameters:
   Partition: NADH4
   Speed (ML): 1.000000
   Rate heterogeneity: GAMMA (4 cats, mean),  alpha: 1.000000 (ML),  weights&rates: (0.250000,0.136954) (0.250000,0.476752) (0.250000,1.000000) (0.250000,2.386294) 
   Base frequencies (ML): 0.250000 0.250000 0.250000 0.250000 
   Substitution rates (ML): 1.000000 1.000000 1.000000 1.000000 1.000000 1.000000 

   Partition: tRNA
   Speed (ML): 1.000000
   Rate heterogeneity: NONE
   P-inv (ML): 0.410072
   Base frequencies (model): 0.250000 0.250000 0.250000 0.250000 
   Substitution rates (model): 1.000000 1.000000 1.000000 1.000000 1.000000 1.000000 

   Partition: NADH5
   Speed (ML): 1.000000
   Rate heterogeneity: FREE (4 cats, mean),  weights&rates: (0.250000,0.136954) (0.250000,0.476752) (0.250000,1.000000) (0.250000,2.386294) 
   Base frequencies (empirical): 0.233729 0.262937 0.272121 0.231213 
   Substitution rates (ML): 1.000000 1.000000 1.000000 1.000000 1.000000 1.000000 

   Partition: NADH4p3
   Speed (ML): 1.000000
   Rate heterogeneity: NONE
   Base frequencies (ML): 0.250000 0.250000 0.250000 0.250000 
   Substitution rates (ML): 1.000000 1.000000 1.000000 1.000000 1.000000 1.000000 

[00:00:00] Data distribution: max. partitions/sites/weight per thread: 3 / 254 / 2880

thread#	part#	start	length	weight
0	1	0	36	144
0	2	0	143	2288
0	0	0	28	448

1	3	0	101	404
1	0	28	153	2448


Evaluating 1 trees

[00:00:00] Tree #1, initial LogLikelihood: -8528.177332

[00:00:00 -8528.177332] Initial branch length optimization
[00:00:00 -8455.496111] Model parameter optimization (eps = 0.100000)

[00:00:06] Tree #1, final logLikelihood: -8095.667119


Optimized model parameters:

   Partition 0: NADH4
   Speed (ML): 1.268099
   Rate heterogeneity: GAMMA (4 cats, mean),  alpha: 0.546919 (ML),  weights&rates: (0.250000,0.042380) (0.250000,0.281447) (0.250000,0.851619) (0.250000,2.824554) 
   Base frequencies (ML): 0.242834 0.241315 0.239115 0.276737 
   Substitution rates (ML): 0.814213 2.469041 2.277600 0.293313 3.984838 1.000000 

   Partition 1: tRNA
   Speed (ML): 0.129120
   Rate heterogeneity: NONE
   P-inv (ML): 0.798244
   Base frequencies (model): 0.250000 0.250000 0.250000 0.250000 
   Substitution rates (model): 1.000000 1.000000 1.000000 1.000000 1.000000 1.000000 

   Partition 2: NADH5
   Speed (ML): 1.264475
   Rate heterogeneity: FREE (4 cats, mean),  weights&rates: (0.374419,0.037017) (0.269968,0.509819) (0.262863,1.616482) (0.092749,4.567064) 
   Base frequencies (empirical): 0.233729 0.262937 0.272121 0.231213 
   Substitution rates (ML): 0.903618 1.764807 3.036539 0.200155 5.171731 1.000000 

   Partition 3: NADH4p3
   Speed (ML): 1.058141
   Rate heterogeneity: NONE
   Base frequencies (ML): 0.288321 0.241756 0.179127 0.290796 
   Substitution rates (ML): 1.000000 3.007070 1.000000 1.000000 3.007070 1.000000 


Final LogLikelihood: -8095.667119

AIC score: 16847.334238 / AICc score: 17455.289167 / BIC score: 18332.504435
Free parameters (model + branch lengths): 328

Best ML tree saved to: /truba/home/emyilmaz/study-class/task_6/P2.raxml.bestTree
Optimized model saved to: /truba/home/emyilmaz/study-class/task_6/P2.raxml.bestModel

Execution log saved to: /truba/home/emyilmaz/study-class/task_6/P2.raxml.log

Analysis started: 28-May-2020 21:46:56 / finished: 28-May-2020 21:47:02

Elapsed time: 6.739 seconds

