
RAxML-NG v. 0.9.0 released on 20.05.2019 by The Exelixis Lab.
Developed by: Alexey M. Kozlov and Alexandros Stamatakis.
Contributors: Diego Darriba, Tomas Flouri, Benoit Morel, Sarah Lutteropp, Ben Bettisworth.
Latest version: https://github.com/amkozlov/raxml-ng
Questions/problems/suggestions? Please visit: https://groups.google.com/forum/#!forum/raxml

RAxML-NG was called at 28-May-2020 19:15:23 as follows:

./raxml-ng --evaluate --msa ./data/its.fas --model GTR --prefix E3 --tree ./T2/T2.raxml.bestTree --threads 2 --seed 2

Analysis options:
  run mode: Evaluate tree likelihood
  start tree(s): user
  random seed: 2
  tip-inner: OFF
  pattern compression: ON
  per-rate scalers: OFF
  site repeats: ON
  branch lengths: proportional (ML estimate, algorithm: NR-FAST)
  SIMD kernels: AVX
  parallelization: PTHREADS (2 threads), thread pinning: OFF

[00:00:00] Reading alignment from file: ./data/its.fas
[00:00:00] Loaded alignment with 150 taxa and 684 sites

Alignment comprises 1 partitions and 433 patterns

Partition 0: noname
Model: GTR+FO
Alignment sites / patterns: 684 / 433
Gaps: 14.64 %
Invariant sites: 47.81 %


NOTE: Binary MSA file created: E3.raxml.rba

[00:00:00] Loading user starting tree(s) from: ./T2/T2.raxml.bestTree
[00:00:00] Data distribution: max. partitions/sites/weight per thread: 1 / 217 / 868

Evaluating 1 trees

[00:00:00] Tree #1, initial LogLikelihood: -9075.260185

[00:00:00 -9075.260185] Initial branch length optimization
[00:00:00 -9038.248545] Model parameter optimization (eps = 0.100000)

[00:00:00] Tree #1, final logLikelihood: -8689.713911


Optimized model parameters:

   Partition 0: noname
   Rate heterogeneity: NONE
   Base frequencies (ML): 0.265703 0.221884 0.237834 0.274579 
   Substitution rates (ML): 1.014417 1.981393 1.990207 0.342546 4.320914 1.000000 


Final LogLikelihood: -8689.713911

AIC score: 17989.427821 / AICc score: 18483.237345 / BIC score: 19370.454986
Free parameters (model + branch lengths): 305

Best ML tree saved to: /truba/home/emyilmaz/study-class/task_6/E3.raxml.bestTree
Optimized model saved to: /truba/home/emyilmaz/study-class/task_6/E3.raxml.bestModel

Execution log saved to: /truba/home/emyilmaz/study-class/task_6/E3.raxml.log

Analysis started: 28-May-2020 19:15:23 / finished: 28-May-2020 19:15:24

Elapsed time: 0.329 seconds

