
RAxML-NG v. 0.9.0 released on 20.05.2019 by The Exelixis Lab.
Developed by: Alexey M. Kozlov and Alexandros Stamatakis.
Contributors: Diego Darriba, Tomas Flouri, Benoit Morel, Sarah Lutteropp, Ben Bettisworth.
Latest version: https://github.com/amkozlov/raxml-ng
Questions/problems/suggestions? Please visit: https://groups.google.com/forum/#!forum/raxml

RAxML-NG was called at 28-May-2020 18:57:14 as follows:

./raxml-ng --support --tree ./T2/T2.raxml.bestTree --bs-trees ./T4/T4.raxml.bootstraps --prefix CONV --threads 2 --seed 2

Analysis options:
  run mode: Compute bipartition support (Felsenstein Bootstrap)
  start tree(s): user
  random seed: 2
  SIMD kernels: AVX2
  parallelization: PTHREADS (2 threads), thread pinning: OFF

Reading reference tree from file: ./T2/T2.raxml.bestTree
Reference tree size: 150

Reading bootstrap trees from file: ./T4/T4.raxml.bootstraps
Loaded 100 trees with 150 taxa.

Best ML tree with Felsenstein bootstrap (FBP) support values saved to: /truba/home/emyilmaz/study-class/task_6/CONV.raxml.support

Execution log saved to: /truba/home/emyilmaz/study-class/task_6/CONV.raxml.log

Analysis started: 28-May-2020 18:57:14 / finished: 28-May-2020 18:57:14

Elapsed time: 0.065 seconds

