
RAxML-NG v. 0.9.0 released on 20.05.2019 by The Exelixis Lab.
Developed by: Alexey M. Kozlov and Alexandros Stamatakis.
Contributors: Diego Darriba, Tomas Flouri, Benoit Morel, Sarah Lutteropp, Ben Bettisworth.
Latest version: https://github.com/amkozlov/raxml-ng
Questions/problems/suggestions? Please visit: https://groups.google.com/forum/#!forum/raxml

RAxML-NG was called at 29-May-2020 22:41:14 as follows:

/truba/home/emyilmaz/study-class/task_6/raxml-ng --evaluate --msa /truba/home/emyilmaz/study-class/task_6/data/its.fas --threads 2 --model prim.part --tree /truba/home/emyilmaz/study-class/task_6/tree-searching/job50tre/T2.raxml.bestTree --prefix P44 -log verbose --brlen unlinked --force

Analysis options:
  run mode: Evaluate tree likelihood
  start tree(s): user
  random seed: 1590781274
  tip-inner: OFF
  pattern compression: ON
  per-rate scalers: OFF
  site repeats: ON
  branch lengths: unlinked (ML estimate, algorithm: NR-FAST)
  SIMD kernels: AVX2
  parallelization: PTHREADS (2 threads), thread pinning: OFF

WARNING: Running in FORCE mode: all safety checks are disabled!

[00:00:00] Reading alignment from file: /truba/home/emyilmaz/study-class/task_6/data/its.fas
[00:00:00] Loaded alignment with 150 taxa and 684 sites
[00:00:00] Extracting partitions... 
[00:00:00] Checking the alignment...
[00:00:00] Compressing alignment patterns... 

Alignment comprises 3 partitions and 444 patterns

Partition 0: NADH4
Model: GTR+FO+G4m
Alignment sites / patterns: 200 / 183
Gaps: 19.84 %
Invariant sites: 26.50 %

Partition 1: tRNA
Model: GTR+FO+G4m
Alignment sites / patterns: 278 / 107
Gaps: 8.88 %
Invariant sites: 67.27 %

Partition 2: NADH5
Model: GTR+FO+G4m
Alignment sites / patterns: 206 / 154
Gaps: 17.37 %
Invariant sites: 42.23 %


NOTE: Binary MSA file created: P44.raxml.rba

[00:00:00] Loading user starting tree(s) from: /truba/home/emyilmaz/study-class/task_6/tree-searching/job50tre/T2.raxml.bestTree

Initial model parameters:
   Partition: NADH4
   Rate heterogeneity: GAMMA (4 cats, mean),  alpha: 1.000000 (ML),  weights&rates: (0.250000,0.136954) (0.250000,0.476752) (0.250000,1.000000) (0.250000,2.386294) 
   Base frequencies (ML): 0.250000 0.250000 0.250000 0.250000 
   Substitution rates (ML): 1.000000 1.000000 1.000000 1.000000 1.000000 1.000000 

   Partition: tRNA
   Rate heterogeneity: GAMMA (4 cats, mean),  alpha: 1.000000 (ML),  weights&rates: (0.250000,0.136954) (0.250000,0.476752) (0.250000,1.000000) (0.250000,2.386294) 
   Base frequencies (ML): 0.250000 0.250000 0.250000 0.250000 
   Substitution rates (ML): 1.000000 1.000000 1.000000 1.000000 1.000000 1.000000 

   Partition: NADH5
   Rate heterogeneity: GAMMA (4 cats, mean),  alpha: 1.000000 (ML),  weights&rates: (0.250000,0.136954) (0.250000,0.476752) (0.250000,1.000000) (0.250000,2.386294) 
   Base frequencies (ML): 0.250000 0.250000 0.250000 0.250000 
   Substitution rates (ML): 1.000000 1.000000 1.000000 1.000000 1.000000 1.000000 

[00:00:00] Data distribution: max. partitions/sites/weight per thread: 2 / 222 / 3552

thread#	part#	start	length	weight
0	1	0	107	1712
0	0	68	115	1840

1	2	0	154	2464
1	0	0	68	1088


Evaluating 1 trees

[00:00:00] Tree #1, initial LogLikelihood: -8464.980723

[00:00:00 -8464.980723] Initial branch length optimization
[00:00:00 -8142.219624] Model parameter optimization (eps = 0.100000)

[00:00:02] Tree #1, final logLikelihood: -7722.173274


Optimized model parameters:

   Partition 0: NADH4
   Rate heterogeneity: GAMMA (4 cats, mean),  alpha: 0.950075 (ML),  weights&rates: (0.250000,0.126888) (0.250000,0.461214) (0.250000,0.991209) (0.250000,2.420690) 
   Base frequencies (ML): 0.228380 0.225644 0.232259 0.313717 
   Substitution rates (ML): 1.260468 2.941561 2.352145 0.358709 4.532608 1.000000 

   Partition 1: tRNA
   Rate heterogeneity: GAMMA (4 cats, mean),  alpha: 0.214835 (ML),  weights&rates: (0.250000,0.000856) (0.250000,0.042748) (0.250000,0.421257) (0.250000,3.535139) 
   Base frequencies (ML): 0.280010 0.233298 0.256391 0.230301 
   Substitution rates (ML): 0.601938 2.017608 1.853682 0.173731 3.972191 1.000000 

   Partition 2: NADH5
   Rate heterogeneity: GAMMA (4 cats, mean),  alpha: 0.487822 (ML),  weights&rates: (0.250000,0.031153) (0.250000,0.243891) (0.250000,0.811201) (0.250000,2.913754) 
   Base frequencies (ML): 0.243822 0.219385 0.219724 0.317069 
   Substitution rates (ML): 1.481991 2.503875 2.443832 0.335935 4.760955 1.000000 


Final LogLikelihood: -7722.173274

AIC score: 17280.346547 / AICc score: 1704564.346547 / BIC score: 21437.011916
Free parameters (model + branch lengths): 918

WARNING: Number of free parameters (K=918) is larger than alignment size (n=684).
         This might lead to overfitting and compromise tree inference results!


NOTE: Tree does not lie on a phylogenetic terrace.

Best ML tree saved to: /truba/home/emyilmaz/study-class/task_6/partitioned-analysis/P44.raxml.bestTree
Best per-partition ML trees saved to: /truba/home/emyilmaz/study-class/task_6/partitioned-analysis/P44.raxml.bestPartitionTrees
Optimized model saved to: /truba/home/emyilmaz/study-class/task_6/partitioned-analysis/P44.raxml.bestModel

Execution log saved to: /truba/home/emyilmaz/study-class/task_6/partitioned-analysis/P44.raxml.log

Analysis started: 29-May-2020 22:41:14 / finished: 29-May-2020 22:41:16

Elapsed time: 2.123 seconds

