
RAxML-NG v. 0.9.0 released on 20.05.2019 by The Exelixis Lab.
Developed by: Alexey M. Kozlov and Alexandros Stamatakis.
Contributors: Diego Darriba, Tomas Flouri, Benoit Morel, Sarah Lutteropp, Ben Bettisworth.
Latest version: https://github.com/amkozlov/raxml-ng
Questions/problems/suggestions? Please visit: https://groups.google.com/forum/#!forum/raxml

RAxML-NG was called at 28-May-2020 21:46:18 as follows:

./raxml-ng --evaluate --msa ./data/its.fas --threads 2 --model prim.part --tree ./T2/T2.raxml.bestTree --prefix P1 -log verbose

Analysis options:
  run mode: Evaluate tree likelihood
  start tree(s): user
  random seed: 1590691578
  tip-inner: OFF
  pattern compression: ON
  per-rate scalers: OFF
  site repeats: ON
  branch lengths: proportional (ML estimate, algorithm: NR-FAST)
  SIMD kernels: AVX2
  parallelization: PTHREADS (2 threads), thread pinning: OFF

[00:00:00] Reading alignment from file: ./data/its.fas
[00:00:00] Loaded alignment with 150 taxa and 684 sites
[00:00:00] Extracting partitions... 
[00:00:00] Checking the alignment...
[00:00:00] Compressing alignment patterns... 

Alignment comprises 3 partitions and 444 patterns

Partition 0: NADH4
Model: GTR+FO+G4m+B
Alignment sites / patterns: 200 / 183
Gaps: 19.84 %
Invariant sites: 26.50 %

Partition 1: tRNA
Model: GTR+FO+G4m+B
Alignment sites / patterns: 278 / 107
Gaps: 8.88 %
Invariant sites: 67.27 %

Partition 2: NADH5
Model: GTR+FO+G4m+B
Alignment sites / patterns: 206 / 154
Gaps: 17.37 %
Invariant sites: 42.23 %


NOTE: Binary MSA file created: P1.raxml.rba

[00:00:00] Loading user starting tree(s) from: ./T2/T2.raxml.bestTree

Initial model parameters:
   Partition: NADH4
   Speed (ML): 1.000000
   Rate heterogeneity: GAMMA (4 cats, mean),  alpha: 1.000000 (ML),  weights&rates: (0.250000,0.136954) (0.250000,0.476752) (0.250000,1.000000) (0.250000,2.386294) 
   Base frequencies (ML): 0.250000 0.250000 0.250000 0.250000 
   Substitution rates (ML): 1.000000 1.000000 1.000000 1.000000 1.000000 1.000000 

   Partition: tRNA
   Speed (ML): 1.000000
   Rate heterogeneity: GAMMA (4 cats, mean),  alpha: 1.000000 (ML),  weights&rates: (0.250000,0.136954) (0.250000,0.476752) (0.250000,1.000000) (0.250000,2.386294) 
   Base frequencies (ML): 0.250000 0.250000 0.250000 0.250000 
   Substitution rates (ML): 1.000000 1.000000 1.000000 1.000000 1.000000 1.000000 

   Partition: NADH5
   Speed (ML): 1.000000
   Rate heterogeneity: GAMMA (4 cats, mean),  alpha: 1.000000 (ML),  weights&rates: (0.250000,0.136954) (0.250000,0.476752) (0.250000,1.000000) (0.250000,2.386294) 
   Base frequencies (ML): 0.250000 0.250000 0.250000 0.250000 
   Substitution rates (ML): 1.000000 1.000000 1.000000 1.000000 1.000000 1.000000 

[00:00:00] Data distribution: max. partitions/sites/weight per thread: 2 / 222 / 3552

thread#	part#	start	length	weight
0	1	0	107	1712
0	0	68	115	1840

1	2	0	154	2464
1	0	0	68	1088


Evaluating 1 trees

[00:00:00] Tree #1, initial LogLikelihood: -8464.980723

[00:00:00 -8464.980723] Initial branch length optimization
[00:00:00 -8398.390168] Model parameter optimization (eps = 0.100000)

[00:00:02] Tree #1, final logLikelihood: -7978.073528


Optimized model parameters:

   Partition 0: NADH4
   Speed (ML): 1.519744
   Rate heterogeneity: GAMMA (4 cats, mean),  alpha: 0.912276 (ML),  weights&rates: (0.250000,0.119135) (0.250000,0.448698) (0.250000,0.983794) (0.250000,2.448372) 
   Base frequencies (ML): 0.223683 0.217886 0.236451 0.321980 
   Substitution rates (ML): 1.426588 3.203191 2.533381 0.381395 4.928097 1.000000 

   Partition 1: tRNA
   Speed (ML): 0.541229
   Rate heterogeneity: GAMMA (4 cats, mean),  alpha: 0.217790 (ML),  weights&rates: (0.250000,0.000934) (0.250000,0.044627) (0.250000,0.428476) (0.250000,3.525964) 
   Base frequencies (ML): 0.282494 0.235670 0.254556 0.227280 
   Substitution rates (ML): 0.564957 1.907665 1.823006 0.173930 3.849097 1.000000 

   Partition 2: NADH5
   Speed (ML): 1.114511
   Rate heterogeneity: GAMMA (4 cats, mean),  alpha: 0.499018 (ML),  weights&rates: (0.250000,0.033206) (0.250000,0.251274) (0.250000,0.819553) (0.250000,2.895967) 
   Base frequencies (ML): 0.238885 0.219187 0.219077 0.322850 
   Substitution rates (ML): 1.525489 2.546146 2.418247 0.340681 4.581597 1.000000 


Final LogLikelihood: -7978.073528

AIC score: 16608.147057 / AICc score: 17205.357141 / BIC score: 18084.261338
Free parameters (model + branch lengths): 326

Best ML tree saved to: /truba/home/emyilmaz/study-class/task_6/P1.raxml.bestTree
Optimized model saved to: /truba/home/emyilmaz/study-class/task_6/P1.raxml.bestModel

Execution log saved to: /truba/home/emyilmaz/study-class/task_6/P1.raxml.log

Analysis started: 28-May-2020 21:46:18 / finished: 28-May-2020 21:46:20

Elapsed time: 2.143 seconds

